<?xml version="1.0" encoding="UTF-8"?>
<!-- Generated by org.testng.reporters.JUnitReportReporter -->
<testsuite hostname="LAPTOP-05F35INE" failures="0" tests="3" name="Day1.practise3" time="0.009" errors="0" timestamp="14 Feb 2021 12:15:12 GMT" skipped="1">
  <testcase classname="Day1.practise3" name="apicarloan" time="0.006"/>
  <testcase classname="Day1.practise3" name="webcarloan" time="0.003"/>
  <testcase classname="Day1.practise3" name="mobcarloan">
    <skipped/>
  </testcase> <!-- mobcarloan -->
</testsuite> <!-- Day1.practise3 -->
