<?xml version="1.0" encoding="UTF-8"?>
<!-- Generated by org.testng.reporters.JUnitReportReporter -->
<testsuite hostname="LAPTOP-05F35INE" failures="0" tests="1" name="Day1.practise" time="0.007" errors="0" timestamp="14 Feb 2021 12:15:12 GMT" skipped="0">
  <testcase classname="Day1.practise" name="login" time="0.007"/>
</testsuite> <!-- Day1.practise -->
