<?xml version="1.0" encoding="UTF-8"?>
<!-- Generated by org.testng.reporters.JUnitReportReporter -->
<testsuite hostname="LAPTOP-05F35INE" failures="0" tests="3" name="Day1.practise5Test" time="0.013" errors="0" timestamp="15 Feb 2021 14:36:07 GMT" skipped="0">
  <testcase classname="Day1.practise5Test" name="carrent" time="0.002"/>
  <testcase classname="Day1.practise5Test" name="carrent" time="0.001"/>
  <testcase classname="Day1.practise5Test" name="carrent" time="0.010"/>
</testsuite> <!-- Day1.practise5Test -->
