<?xml version="1.0" encoding="UTF-8"?>
<!-- Generated by org.testng.reporters.JUnitReportReporter -->
<testsuite hostname="LAPTOP-05F35INE" failures="0" tests="3" name="Day1.practise4Test" time="0.007" errors="0" timestamp="14 Feb 2021 17:06:15 GMT" skipped="0">
  <testcase classname="Day1.practise4Test" name="webbikeloan" time="0.002"/>
  <testcase classname="Day1.practise4Test" name="mobbikeloan" time="0.003"/>
  <testcase classname="Day1.practise4Test" name="apibikeloan" time="0.002"/>
</testsuite> <!-- Day1.practise4Test -->
