<?xml version="1.0" encoding="UTF-8"?>
<!-- Generated by org.testng.reporters.JUnitReportReporter -->
<testsuite hostname="LAPTOP-05F35INE" failures="0" tests="1" name="Day1.practiseTest" time="0.010" errors="0" timestamp="14 Feb 2021 17:06:15 GMT" skipped="0">
  <testcase classname="Day1.practiseTest" name="login" time="0.010"/>
</testsuite> <!-- Day1.practiseTest -->
