<?xml version="1.0" encoding="UTF-8"?>
<!-- Generated by org.testng.reporters.JUnitReportReporter -->
<testsuite hostname="LAPTOP-05F35INE" failures="0" tests="3" name="Day1.practise4" time="0.008" errors="0" timestamp="14 Feb 2021 12:15:12 GMT" skipped="0">
  <testcase classname="Day1.practise4" name="mobbikeloan" time="0.002"/>
  <testcase classname="Day1.practise4" name="apibikeloan" time="0.002"/>
  <testcase classname="Day1.practise4" name="webbikeloan" time="0.004"/>
</testsuite> <!-- Day1.practise4 -->
