<?xml version="1.0" encoding="UTF-8"?>
<!-- Generated by org.testng.reporters.JUnitReportReporter -->
<testsuite hostname="LAPTOP-05F35INE" failures="0" tests="3" name="Day1.practise3Test" time="0.012" errors="0" timestamp="14 Feb 2021 17:06:15 GMT" skipped="1">
  <testcase classname="Day1.practise3Test" name="apicarloan" time="0.010"/>
  <testcase classname="Day1.practise3Test" name="webcarloan" time="0.002"/>
  <testcase classname="Day1.practise3Test" name="mobcarloan">
    <skipped/>
  </testcase> <!-- mobcarloan -->
</testsuite> <!-- Day1.practise3Test -->
