<?xml version="1.0" encoding="UTF-8"?>
<!-- Generated by org.testng.reporters.JUnitReportReporter -->
<testsuite hostname="LAPTOP-05F35INE" failures="0" tests="1" name="Day2.rahulextentcode" time="16.035" errors="0" timestamp="15 Feb 2021 06:00:52 GMT" skipped="0">
  <testcase classname="Day2.rahulextentcode" name="initialDemo" time="16.035"/>
</testsuite> <!-- Day2.rahulextentcode -->
