<?xml version="1.0" encoding="UTF-8"?>
<!-- Generated by org.testng.reporters.JUnitReportReporter -->
<testsuite hostname="LAPTOP-05F35INE" failures="0" tests="1" name="Day1.practise2Test" time="0.005" errors="0" timestamp="14 Feb 2021 17:06:15 GMT" skipped="0">
  <testcase classname="Day1.practise2Test" name="logout" time="0.005"/>
</testsuite> <!-- Day1.practise2Test -->
