<?xml version="1.0" encoding="UTF-8"?>
<!-- Generated by org.testng.reporters.JUnitReportReporter -->
<testsuite hostname="LAPTOP-05F35INE" failures="0" tests="1" name="Testngpractise.Testngpractise.practise" time="0.016" errors="0" timestamp="12 Feb 2021 02:33:31 GMT" skipped="0">
  <testcase classname="Testngpractise.Testngpractise.practise" name="login" time="0.016"/>
</testsuite> <!-- Testngpractise.Testngpractise.practise -->
